<?xml version="1.0" encoding="UTF-8"?>
<testsuite xmlns:xsi="http://www.w3.org/2001/XMLSchema-instance" xsi:noNamespaceSchemaLocation="https://maven.apache.org/surefire/maven-surefire-plugin/xsd/surefire-test-report-3.0.xsd" version="3.0" name="com.wecp.TestApp" time="8.079" tests="7" errors="0" skipped="0" failures="0">
  <properties>
[...]
</properties>
  <testcase name="testWrongCredentials(ApplicationContext)" classname="com.wecp.TestApp" time="0.107">
    <system-out><![CDATA[06:12:24.406 [main] DEBUG org.springframework.test.context.BootstrapUtils - Instantiating CacheAwareContextLoaderDelegate from class [org.springframework.test.context.cache.DefaultCacheAwareContextLoaderDelegate]
06:12:24.421 [main] DEBUG org.springframework.test.context.BootstrapUtils - Instantiating BootstrapContext using constructor [public org.springframework.test.context.support.DefaultBootstrapContext(java.lang.Class,org.springframework.test.context.CacheAwareContextLoaderDelegate)]
06:12:24.441 [main] DEBUG org.springframework.test.context.BootstrapUtils - Instantiating TestContextBootstrapper for test class [com.wecp.TestApp] from class [org.springframework.boot.test.context.SpringBootTestContextBootstrapper]
06:12:24.448 [main] INFO org.springframework.boot.test.context.SpringBootTestContextBootstrapper - Neither @ContextConfiguration nor @ContextHierarchy found for test class [com.wecp.TestApp], using SpringBootContextLoader
06:12:24.451 [main] DEBUG org.springframework.test.context.support.AbstractContextLoader - Did not detect default resource location for test class [com.wecp.TestApp]: class path resource [com/wecp/TestApp-context.xml] does not exist
06:12:24.452 [main] DEBUG org.springframework.test.context.support.AbstractContextLoader - Did not detect default resource location for test class [com.wecp.TestApp]: class path resource [com/wecp/TestAppContext.groovy] does not exist
06:12:24.452 [main] INFO org.springframework.test.context.support.AbstractContextLoader - Could not detect default resource locations for test class [com.wecp.TestApp]: no resource found for suffixes {-context.xml, Context.groovy}.
06:12:24.453 [main] INFO org.springframework.test.context.support.AnnotationConfigContextLoaderUtils - Could not detect default configuration classes for test class [com.wecp.TestApp]: TestApp does not declare any static, non-private, non-final, nested classes annotated with @Configuration.
06:12:24.620 [main] DEBUG org.springframework.context.annotation.ClassPathScanningCandidateComponentProvider - Identified candidate component class: file [/home/ubuntu/root/server/wecp-spring-boot-jwt-app/target/classes/com/wecp/SpringBootHelloWorldApplication.class]
06:12:24.621 [main] INFO org.springframework.boot.test.context.SpringBootTestContextBootstrapper - Found @SpringBootConfiguration com.wecp.SpringBootHelloWorldApplication for test class com.wecp.TestApp
06:12:24.726 [main] DEBUG org.springframework.boot.test.context.SpringBootTestContextBootstrapper - @TestExecutionListeners is not present for class [com.wecp.TestApp]: using defaults.
06:12:24.726 [main] INFO org.springframework.boot.test.context.SpringBootTestContextBootstrapper - Loaded default TestExecutionListener class names from location [META-INF/spring.factories]: [org.springframework.boot.test.mock.mockito.MockitoTestExecutionListener, org.springframework.boot.test.mock.mockito.ResetMocksTestExecutionListener, org.springframework.boot.test.autoconfigure.restdocs.RestDocsTestExecutionListener, org.springframework.boot.test.autoconfigure.web.client.MockRestServiceServerResetTestExecutionListener, org.springframework.boot.test.autoconfigure.web.servlet.MockMvcPrintOnlyOnFailureTestExecutionListener, org.springframework.boot.test.autoconfigure.web.servlet.WebDriverTestExecutionListener, org.springframework.test.context.web.ServletTestExecutionListener, org.springframework.test.context.support.DirtiesContextBeforeModesTestExecutionListener, org.springframework.test.context.support.DependencyInjectionTestExecutionListener, org.springframework.test.context.support.DirtiesContextTestExecutionListener, org.springframework.test.context.transaction.TransactionalTestExecutionListener, org.springframework.test.context.jdbc.SqlScriptsTestExecutionListener, org.springframework.security.test.context.support.WithSecurityContextTestExecutionListener, org.springframework.security.test.context.support.ReactorContextTestExecutionListener]
06:12:24.742 [main] INFO org.springframework.boot.test.context.SpringBootTestContextBootstrapper - Using TestExecutionListeners: [org.springframework.test.context.web.ServletTestExecutionListener@63611043, org.springframework.test.context.support.DirtiesContextBeforeModesTestExecutionListener@20ca951f, org.springframework.boot.test.mock.mockito.MockitoTestExecutionListener@2d778add, org.springframework.boot.test.autoconfigure.SpringBootDependencyInjectionTestExecutionListener@73302995, org.springframework.test.context.support.DirtiesContextTestExecutionListener@1838ccb8, org.springframework.test.context.transaction.TransactionalTestExecutionListener@6c2ed0cd, org.springframework.test.context.jdbc.SqlScriptsTestExecutionListener@7d9e8ef7, org.springframework.security.test.context.support.WithSecurityContextTestExecutionListener@f107c50, org.springframework.security.test.context.support.ReactorContextTestExecutionListener@51133c06, org.springframework.boot.test.mock.mockito.ResetMocksTestExecutionListener@4b213651, org.springframework.boot.test.autoconfigure.restdocs.RestDocsTestExecutionListener@4241e0f4, org.springframework.boot.test.autoconfigure.web.client.MockRestServiceServerResetTestExecutionListener@4ebff610, org.springframework.boot.test.autoconfigure.web.servlet.MockMvcPrintOnlyOnFailureTestExecutionListener@60410cd, org.springframework.boot.test.autoconfigure.web.servlet.WebDriverTestExecutionListener@44d52de2]
06:12:24.745 [main] DEBUG org.springframework.test.context.support.AbstractDirtiesContextTestExecutionListener - Before test class: context [DefaultTestContext@181e731e testClass = TestApp, testInstance = [null], testMethod = [null], testException = [null], mergedContextConfiguration = [WebMergedContextConfiguration@35645047 testClass = TestApp, locations = '{}', classes = '{class com.wecp.SpringBootHelloWorldApplication}', contextInitializerClasses = '[]', activeProfiles = '{test}', propertySourceLocations = '{}', propertySourceProperties = '{org.springframework.boot.test.context.SpringBootTestContextBootstrapper=true}', contextCustomizers = set[[ImportsContextCustomizer@6f44a157 key = [org.springframework.boot.test.autoconfigure.web.servlet.MockMvcAutoConfiguration, org.springframework.boot.test.autoconfigure.web.servlet.MockMvcSecurityAutoConfiguration, org.springframework.boot.test.autoconfigure.web.servlet.MockMvcWebClientAutoConfiguration, org.springframework.boot.test.autoconfigure.web.servlet.MockMvcWebDriverAutoConfiguration]], org.springframework.boot.test.context.filter.ExcludeFilterContextCustomizer@618425b5, org.springframework.boot.test.json.DuplicateJsonObjectContextCustomizerFactory$DuplicateJsonObjectContextCustomizer@f5acb9d, org.springframework.boot.test.mock.mockito.MockitoContextCustomizer@0, org.springframework.boot.test.web.client.TestRestTemplateContextCustomizer@7c711375, org.springframework.boot.test.autoconfigure.properties.PropertyMappingContextCustomizer@e7e8512, org.springframework.boot.test.autoconfigure.web.servlet.WebDriverContextCustomizerFactory$Customizer@290222c1], resourceBasePath = 'src/main/webapp', contextLoader = 'org.springframework.boot.test.context.SpringBootContextLoader', parent = [null]], attributes = map['org.springframework.test.context.web.ServletTestExecutionListener.activateListener' -> true]], class annotated with @DirtiesContext [false] with mode [null].
06:12:24.949 [main] DEBUG org.springframework.test.context.support.TestPropertySourceUtils - Adding inlined properties to environment: {spring.jmx.enabled=false, org.springframework.boot.test.context.SpringBootTestContextBootstrapper=true, server.port=-1}

  .   ____          _            __ _ _
 /\\ / ___'_ __ _ _(_)_ __  __ _ \ \ \ \
( ( )\___ | '_ | '_| | '_ \/ _` | \ \ \ \
 \\/  ___)| |_)| | | | | || (_| |  ) ) ) )
  '  |____| .__|_| |_|_| |_\__, | / / / /
 =========|_|==============|___/=/_/_/_/
 :: Spring Boot ::        (v2.1.1.RELEASE)

2023-07-13 06:12:25.618  WARN 13152 --- [           main] ory$DuplicateJsonObjectContextCustomizer : 

Found multiple occurrences of org.json.JSONObject on the class path:

	jar:file:/home/ubuntu/.m2/repository/org/json/json/20230227/json-20230227.jar!/org/json/JSONObject.class
	jar:file:/home/ubuntu/.m2/repository/com/vaadin/external/google/android-json/0.0.20131108.vaadin1/android-json-0.0.20131108.vaadin1.jar!/org/json/JSONObject.class

You may wish to exclude one of them to ensure predictable runtime behavior

2023-07-13 06:12:25.658  INFO 13152 --- [           main] com.wecp.TestApp                         : Starting TestApp on ip-172-31-20-202 with PID 13152 (started by ubuntu in /home/ubuntu/root/server/wecp-spring-boot-jwt-app)
2023-07-13 06:12:25.659  INFO 13152 --- [           main] com.wecp.TestApp                         : The following profiles are active: test
2023-07-13 06:12:26.799  INFO 13152 --- [           main] .s.d.r.c.RepositoryConfigurationDelegate : Bootstrapping Spring Data repositories in DEFAULT mode.
2023-07-13 06:12:26.871  INFO 13152 --- [           main] .s.d.r.c.RepositoryConfigurationDelegate : Finished Spring Data repository scanning in 59ms. Found 2 repository interfaces.
2023-07-13 06:12:27.462  INFO 13152 --- [           main] trationDelegate$BeanPostProcessorChecker : Bean 'org.springframework.transaction.annotation.ProxyTransactionManagementConfiguration' of type [org.springframework.transaction.annotation.ProxyTransactionManagementConfiguration$$EnhancerBySpringCGLIB$$71fd8325] is not eligible for getting processed by all BeanPostProcessors (for example: not eligible for auto-proxying)
2023-07-13 06:12:27.552  INFO 13152 --- [           main] trationDelegate$BeanPostProcessorChecker : Bean 'org.springframework.security.config.annotation.configuration.ObjectPostProcessorConfiguration' of type [org.springframework.security.config.annotation.configuration.ObjectPostProcessorConfiguration$$EnhancerBySpringCGLIB$$aab4b5f] is not eligible for getting processed by all BeanPostProcessors (for example: not eligible for auto-proxying)
2023-07-13 06:12:27.560  INFO 13152 --- [           main] trationDelegate$BeanPostProcessorChecker : Bean 'objectPostProcessor' of type [org.springframework.security.config.annotation.configuration.AutowireBeanFactoryObjectPostProcessor] is not eligible for getting processed by all BeanPostProcessors (for example: not eligible for auto-proxying)
2023-07-13 06:12:27.561  INFO 13152 --- [           main] trationDelegate$BeanPostProcessorChecker : Bean 'org.springframework.security.access.expression.method.DefaultMethodSecurityExpressionHandler@2ddb3ae8' of type [org.springframework.security.access.expression.method.DefaultMethodSecurityExpressionHandler] is not eligible for getting processed by all BeanPostProcessors (for example: not eligible for auto-proxying)
2023-07-13 06:12:27.568  INFO 13152 --- [           main] trationDelegate$BeanPostProcessorChecker : Bean 'org.springframework.security.config.annotation.method.configuration.GlobalMethodSecurityConfiguration' of type [org.springframework.security.config.annotation.method.configuration.GlobalMethodSecurityConfiguration$$EnhancerBySpringCGLIB$$2f7fee11] is not eligible for getting processed by all BeanPostProcessors (for example: not eligible for auto-proxying)
2023-07-13 06:12:27.574  INFO 13152 --- [           main] trationDelegate$BeanPostProcessorChecker : Bean 'methodSecurityMetadataSource' of type [org.springframework.security.access.method.DelegatingMethodSecurityMetadataSource] is not eligible for getting processed by all BeanPostProcessors (for example: not eligible for auto-proxying)
2023-07-13 06:12:27.770  INFO 13152 --- [           main] com.zaxxer.hikari.HikariDataSource       : HikariPool-1 - Starting...
2023-07-13 06:12:28.187  INFO 13152 --- [           main] com.zaxxer.hikari.HikariDataSource       : HikariPool-1 - Start completed.
2023-07-13 06:12:28.255  INFO 13152 --- [           main] o.hibernate.jpa.internal.util.LogHelper  : HHH000204: Processing PersistenceUnitInfo [
	name: default
	...]
2023-07-13 06:12:28.343  INFO 13152 --- [           main] org.hibernate.Version                    : HHH000412: Hibernate Core {5.3.7.Final}
2023-07-13 06:12:28.345  INFO 13152 --- [           main] org.hibernate.cfg.Environment            : HHH000206: hibernate.properties not found
2023-07-13 06:12:28.659  INFO 13152 --- [           main] o.hibernate.annotations.common.Version   : HCANN000001: Hibernate Commons Annotations {5.0.4.Final}
2023-07-13 06:12:28.823  INFO 13152 --- [           main] org.hibernate.dialect.Dialect            : HHH000400: Using dialect: org.hibernate.dialect.MySQL5Dialect
2023-07-13 06:12:29.582  INFO 13152 --- [           main] o.h.t.schema.internal.SchemaCreatorImpl  : HHH000476: Executing import script 'org.hibernate.tool.schema.internal.exec.ScriptSourceInputNonExistentImpl@5521407f'
2023-07-13 06:12:29.587  INFO 13152 --- [           main] j.LocalContainerEntityManagerFactoryBean : Initialized JPA EntityManagerFactory for persistence unit 'default'
2023-07-13 06:12:30.620  INFO 13152 --- [           main] o.s.s.web.DefaultSecurityFilterChain     : Creating filter chain: any request, [org.springframework.security.web.context.request.async.WebAsyncManagerIntegrationFilter@a11efe6, org.springframework.security.web.context.SecurityContextPersistenceFilter@3ea1729e, org.springframework.security.web.header.HeaderWriterFilter@5036a286, org.springframework.web.filter.CorsFilter@5e6bbe63, org.springframework.security.web.authentication.logout.LogoutFilter@511a307e, com.wecp.config.JwtRequestFilter@214e3185, org.springframework.security.web.savedrequest.RequestCacheAwareFilter@6127ef86, org.springframework.security.web.servletapi.SecurityContextHolderAwareRequestFilter@6c2e7591, org.springframework.security.web.authentication.AnonymousAuthenticationFilter@69356aca, org.springframework.security.web.session.SessionManagementFilter@10e4cc6, org.springframework.security.web.access.ExceptionTranslationFilter@44ec4a38, org.springframework.security.web.access.intercept.FilterSecurityInterceptor@6ac83e67]
2023-07-13 06:12:31.201  INFO 13152 --- [           main] o.s.s.concurrent.ThreadPoolTaskExecutor  : Initializing ExecutorService 'applicationTaskExecutor'
2023-07-13 06:12:31.253  WARN 13152 --- [           main] aWebConfiguration$JpaWebMvcConfiguration : spring.jpa.open-in-view is enabled by default. Therefore, database queries may be performed during view rendering. Explicitly configure spring.jpa.open-in-view to disable this warning
2023-07-13 06:12:31.607  INFO 13152 --- [           main] o.s.b.t.m.w.SpringBootMockServletContext : Initializing Spring TestDispatcherServlet ''
2023-07-13 06:12:31.607  INFO 13152 --- [           main] o.s.t.web.servlet.TestDispatcherServlet  : Initializing Servlet ''
2023-07-13 06:12:31.618  INFO 13152 --- [           main] o.s.t.web.servlet.TestDispatcherServlet  : Completed initialization in 11 ms
2023-07-13 06:12:31.644  INFO 13152 --- [           main] com.wecp.TestApp                         : Started TestApp in 6.686 seconds (JVM running for 8.305)
2023-07-13 06:12:31.666  INFO 13152 --- [           main] o.h.h.i.QueryTranslatorFactoryInitiator  : HHH000397: Using ASTQueryTranslatorFactory
]]></system-out>
  </testcase>
  <testcase name="testTransactCredit" classname="com.wecp.TestApp" time="0.207">
    <system-out><![CDATA[2023-07-13 06:12:32.039  WARN 13152 --- [           main] com.wecp.config.JwtRequestFilter         : JWT Token does not begin with Bearer String
]]></system-out>
  </testcase>
  <testcase name="testSuccessfulAuthentication(ApplicationContext)" classname="com.wecp.TestApp" time="0.037"/>
  <testcase name="testFetchingDataByWrongRole" classname="com.wecp.TestApp" time="0.018">
    <system-out><![CDATA[2023-07-13 06:12:32.202  WARN 13152 --- [           main] com.wecp.config.JwtRequestFilter         : JWT Token does not begin with Bearer String
]]></system-out>
  </testcase>
  <testcase name="testFetchingDataForValidUser" classname="com.wecp.TestApp" time="0.059">
    <system-out><![CDATA[2023-07-13 06:12:32.222  WARN 13152 --- [           main] com.wecp.config.JwtRequestFilter         : JWT Token does not begin with Bearer String
]]></system-out>
  </testcase>
  <testcase name="testFetchingDataForInvalidUser" classname="com.wecp.TestApp" time="0.018">
    <system-out><![CDATA[2023-07-13 06:12:32.283  WARN 13152 --- [           main] com.wecp.config.JwtRequestFilter         : JWT Token does not begin with Bearer String
org.springframework.test.web.servlet.MockMvc$1@60be9fdf
]]></system-out>
  </testcase>
  <testcase name="contextLoads(ApplicationContext)" classname="com.wecp.TestApp" time="0.04"/>
</testsuite>